<?xml version="1.0" encoding="UTF-8"?>
<!-- Generated by org.testng.reporters.JUnitXMLReporter -->
<testsuite ignored="0" hostname="USM-ADMIN" failures="0" tests="10" name="Default test" time="122.769" errors="0" timestamp="2022-01-24T13:33:05 IST">
  <testcase classname="TestNG.LoadTesting_Login" name="correctUsernameAndPassword" time="0.35"/>
  <testcase classname="TestNG.LoadTesting_Login" name="correctUsernameAndPassword" time="0.238"/>
  <testcase classname="TestNG.LoadTesting_Login" name="correctUsernameAndPassword" time="0.243"/>
  <testcase classname="TestNG.LoadTesting_Login" name="correctUsernameAndPassword" time="0.239"/>
  <testcase classname="TestNG.LoadTesting_Login" name="correctUsernameAndPassword" time="0.232"/>
  <testcase classname="TestNG.LoadTesting_Login" name="correctUsernameAndPassword" time="0.232"/>
  <testcase classname="TestNG.LoadTesting_Login" name="correctUsernameAndPassword" time="0.238"/>
  <testcase classname="TestNG.LoadTesting_Login" name="correctUsernameAndPassword" time="0.225"/>
  <testcase classname="TestNG.LoadTesting_Login" name="correctUsernameAndPassword" time="0.23"/>
  <testcase classname="TestNG.LoadTesting_Login" name="correctUsernameAndPassword" time="0.225"/>
</testsuite> <!-- Default test -->
