<?xml version="1.0" encoding="UTF-8"?>
<testng-results ignored="0" total="10" passed="10" failed="0" skipped="0">
  <reporter-output>
  </reporter-output>
  <suite started-at="2022-01-24T13:31:02 IST" name="Default suite" finished-at="2022-01-24T13:33:04 IST" duration-ms="122769">
    <groups>
    </groups>
    <test started-at="2022-01-24T13:31:02 IST" name="Default test" finished-at="2022-01-24T13:33:04 IST" duration-ms="122769">
      <class name="TestNG.LoadTesting_Login">
        <test-method is-config="true" signature="setup()[pri:0, instance:TestNG.LoadTesting_Login@52102734]" started-at="2022-01-24T13:31:02 IST" name="setup" finished-at="2022-01-24T13:31:19 IST" duration-ms="17222" status="PASS">
          <reporter-output>
          </reporter-output>
        </test-method> <!-- setup -->
        <test-method signature="correctUsernameAndPassword()[pri:0, instance:TestNG.LoadTesting_Login@52102734]" started-at="2022-01-24T13:31:19 IST" name="correctUsernameAndPassword" finished-at="2022-01-24T13:31:19 IST" duration-ms="350" status="PASS">
          <reporter-output>
          </reporter-output>
        </test-method> <!-- correctUsernameAndPassword -->
        <test-method is-config="true" signature="tearDown()[pri:0, instance:TestNG.LoadTesting_Login@52102734]" started-at="2022-01-24T13:31:19 IST" name="tearDown" finished-at="2022-01-24T13:31:19 IST" duration-ms="237" status="PASS">
          <reporter-output>
          </reporter-output>
        </test-method> <!-- tearDown -->
        <test-method is-config="true" signature="setup()[pri:0, instance:TestNG.LoadTesting_Login@52102734]" started-at="2022-01-24T13:31:19 IST" name="setup" finished-at="2022-01-24T13:31:29 IST" duration-ms="9254" status="PASS">
          <reporter-output>
          </reporter-output>
        </test-method> <!-- setup -->
        <test-method signature="correctUsernameAndPassword()[pri:0, instance:TestNG.LoadTesting_Login@52102734]" started-at="2022-01-24T13:31:29 IST" name="correctUsernameAndPassword" finished-at="2022-01-24T13:31:29 IST" duration-ms="238" status="PASS">
          <reporter-output>
          </reporter-output>
        </test-method> <!-- correctUsernameAndPassword -->
        <test-method is-config="true" signature="tearDown()[pri:0, instance:TestNG.LoadTesting_Login@52102734]" started-at="2022-01-24T13:31:29 IST" name="tearDown" finished-at="2022-01-24T13:31:30 IST" duration-ms="1374" status="PASS">
          <reporter-output>
          </reporter-output>
        </test-method> <!-- tearDown -->
        <test-method is-config="true" signature="setup()[pri:0, instance:TestNG.LoadTesting_Login@52102734]" started-at="2022-01-24T13:31:30 IST" name="setup" finished-at="2022-01-24T13:31:41 IST" duration-ms="10290" status="PASS">
          <reporter-output>
          </reporter-output>
        </test-method> <!-- setup -->
        <test-method signature="correctUsernameAndPassword()[pri:0, instance:TestNG.LoadTesting_Login@52102734]" started-at="2022-01-24T13:31:41 IST" name="correctUsernameAndPassword" finished-at="2022-01-24T13:31:41 IST" duration-ms="243" status="PASS">
          <reporter-output>
          </reporter-output>
        </test-method> <!-- correctUsernameAndPassword -->
        <test-method is-config="true" signature="tearDown()[pri:0, instance:TestNG.LoadTesting_Login@52102734]" started-at="2022-01-24T13:31:41 IST" name="tearDown" finished-at="2022-01-24T13:31:42 IST" duration-ms="1062" status="PASS">
          <reporter-output>
          </reporter-output>
        </test-method> <!-- tearDown -->
        <test-method is-config="true" signature="setup()[pri:0, instance:TestNG.LoadTesting_Login@52102734]" started-at="2022-01-24T13:31:42 IST" name="setup" finished-at="2022-01-24T13:31:52 IST" duration-ms="10270" status="PASS">
          <reporter-output>
          </reporter-output>
        </test-method> <!-- setup -->
        <test-method signature="correctUsernameAndPassword()[pri:0, instance:TestNG.LoadTesting_Login@52102734]" started-at="2022-01-24T13:31:52 IST" name="correctUsernameAndPassword" finished-at="2022-01-24T13:31:52 IST" duration-ms="239" status="PASS">
          <reporter-output>
          </reporter-output>
        </test-method> <!-- correctUsernameAndPassword -->
        <test-method is-config="true" signature="tearDown()[pri:0, instance:TestNG.LoadTesting_Login@52102734]" started-at="2022-01-24T13:31:52 IST" name="tearDown" finished-at="2022-01-24T13:31:54 IST" duration-ms="1349" status="PASS">
          <reporter-output>
          </reporter-output>
        </test-method> <!-- tearDown -->
        <test-method is-config="true" signature="setup()[pri:0, instance:TestNG.LoadTesting_Login@52102734]" started-at="2022-01-24T13:31:54 IST" name="setup" finished-at="2022-01-24T13:32:06 IST" duration-ms="12479" status="PASS">
          <reporter-output>
          </reporter-output>
        </test-method> <!-- setup -->
        <test-method signature="correctUsernameAndPassword()[pri:0, instance:TestNG.LoadTesting_Login@52102734]" started-at="2022-01-24T13:32:06 IST" name="correctUsernameAndPassword" finished-at="2022-01-24T13:32:06 IST" duration-ms="232" status="PASS">
          <reporter-output>
          </reporter-output>
        </test-method> <!-- correctUsernameAndPassword -->
        <test-method is-config="true" signature="tearDown()[pri:0, instance:TestNG.LoadTesting_Login@52102734]" started-at="2022-01-24T13:32:06 IST" name="tearDown" finished-at="2022-01-24T13:32:07 IST" duration-ms="947" status="PASS">
          <reporter-output>
          </reporter-output>
        </test-method> <!-- tearDown -->
        <test-method is-config="true" signature="setup()[pri:0, instance:TestNG.LoadTesting_Login@52102734]" started-at="2022-01-24T13:32:07 IST" name="setup" finished-at="2022-01-24T13:32:16 IST" duration-ms="8759" status="PASS">
          <reporter-output>
          </reporter-output>
        </test-method> <!-- setup -->
        <test-method signature="correctUsernameAndPassword()[pri:0, instance:TestNG.LoadTesting_Login@52102734]" started-at="2022-01-24T13:32:16 IST" name="correctUsernameAndPassword" finished-at="2022-01-24T13:32:16 IST" duration-ms="232" status="PASS">
          <reporter-output>
          </reporter-output>
        </test-method> <!-- correctUsernameAndPassword -->
        <test-method is-config="true" signature="tearDown()[pri:0, instance:TestNG.LoadTesting_Login@52102734]" started-at="2022-01-24T13:32:16 IST" name="tearDown" finished-at="2022-01-24T13:32:18 IST" duration-ms="1413" status="PASS">
          <reporter-output>
          </reporter-output>
        </test-method> <!-- tearDown -->
        <test-method is-config="true" signature="setup()[pri:0, instance:TestNG.LoadTesting_Login@52102734]" started-at="2022-01-24T13:32:18 IST" name="setup" finished-at="2022-01-24T13:32:30 IST" duration-ms="12425" status="PASS">
          <reporter-output>
          </reporter-output>
        </test-method> <!-- setup -->
        <test-method signature="correctUsernameAndPassword()[pri:0, instance:TestNG.LoadTesting_Login@52102734]" started-at="2022-01-24T13:32:30 IST" name="correctUsernameAndPassword" finished-at="2022-01-24T13:32:30 IST" duration-ms="238" status="PASS">
          <reporter-output>
          </reporter-output>
        </test-method> <!-- correctUsernameAndPassword -->
        <test-method is-config="true" signature="tearDown()[pri:0, instance:TestNG.LoadTesting_Login@52102734]" started-at="2022-01-24T13:32:30 IST" name="tearDown" finished-at="2022-01-24T13:32:31 IST" duration-ms="941" status="PASS">
          <reporter-output>
          </reporter-output>
        </test-method> <!-- tearDown -->
        <test-method is-config="true" signature="setup()[pri:0, instance:TestNG.LoadTesting_Login@52102734]" started-at="2022-01-24T13:32:31 IST" name="setup" finished-at="2022-01-24T13:32:41 IST" duration-ms="9830" status="PASS">
          <reporter-output>
          </reporter-output>
        </test-method> <!-- setup -->
        <test-method signature="correctUsernameAndPassword()[pri:0, instance:TestNG.LoadTesting_Login@52102734]" started-at="2022-01-24T13:32:41 IST" name="correctUsernameAndPassword" finished-at="2022-01-24T13:32:41 IST" duration-ms="225" status="PASS">
          <reporter-output>
          </reporter-output>
        </test-method> <!-- correctUsernameAndPassword -->
        <test-method is-config="true" signature="tearDown()[pri:0, instance:TestNG.LoadTesting_Login@52102734]" started-at="2022-01-24T13:32:41 IST" name="tearDown" finished-at="2022-01-24T13:32:43 IST" duration-ms="1263" status="PASS">
          <reporter-output>
          </reporter-output>
        </test-method> <!-- tearDown -->
        <test-method is-config="true" signature="setup()[pri:0, instance:TestNG.LoadTesting_Login@52102734]" started-at="2022-01-24T13:32:43 IST" name="setup" finished-at="2022-01-24T13:32:52 IST" duration-ms="8782" status="PASS">
          <reporter-output>
          </reporter-output>
        </test-method> <!-- setup -->
        <test-method signature="correctUsernameAndPassword()[pri:0, instance:TestNG.LoadTesting_Login@52102734]" started-at="2022-01-24T13:32:52 IST" name="correctUsernameAndPassword" finished-at="2022-01-24T13:32:52 IST" duration-ms="230" status="PASS">
          <reporter-output>
          </reporter-output>
        </test-method> <!-- correctUsernameAndPassword -->
        <test-method is-config="true" signature="tearDown()[pri:0, instance:TestNG.LoadTesting_Login@52102734]" started-at="2022-01-24T13:32:52 IST" name="tearDown" finished-at="2022-01-24T13:32:53 IST" duration-ms="1217" status="PASS">
          <reporter-output>
          </reporter-output>
        </test-method> <!-- tearDown -->
        <test-method is-config="true" signature="setup()[pri:0, instance:TestNG.LoadTesting_Login@52102734]" started-at="2022-01-24T13:32:53 IST" name="setup" finished-at="2022-01-24T13:33:02 IST" duration-ms="9460" status="PASS">
          <reporter-output>
          </reporter-output>
        </test-method> <!-- setup -->
        <test-method signature="correctUsernameAndPassword()[pri:0, instance:TestNG.LoadTesting_Login@52102734]" started-at="2022-01-24T13:33:02 IST" name="correctUsernameAndPassword" finished-at="2022-01-24T13:33:03 IST" duration-ms="225" status="PASS">
          <reporter-output>
          </reporter-output>
        </test-method> <!-- correctUsernameAndPassword -->
        <test-method is-config="true" signature="tearDown()[pri:0, instance:TestNG.LoadTesting_Login@52102734]" started-at="2022-01-24T13:33:03 IST" name="tearDown" finished-at="2022-01-24T13:33:04 IST" duration-ms="1691" status="PASS">
          <reporter-output>
          </reporter-output>
        </test-method> <!-- tearDown -->
      </class> <!-- TestNG.LoadTesting_Login -->
    </test> <!-- Default test -->
  </suite> <!-- Default suite -->
</testng-results>
